Arguments: 
  C:\Program Files\nodejs\node.exe C:\Users\User\AppData\Roaming\npm\node_modules\yarn\bin\yarn.js add nodemailer-react

PATH: 
  C:\Program Files (x86)\Common Files\Oracle\Java\javapath;C:\Windows\system32;C:\Windows;C:\Windows\System32\Wbem;C:\Windows\System32\WindowsPowerShell\v1.0\;C:\Windows\System32\OpenSSH\;C:\Program Files (x86)\NVIDIA Corporation\PhysX\Common;C:\Program Files\Git\cmd;C:\xampp\php;C:\ProgramData\ComposerSetup\bin;C:\Program Files (x86)\Bitvise SSH Client;C:\Program Files\dotnet\;C:\Program Files\nodejs\;C:\Users\User\AppData\Local\Programs\Python\Python39\Scripts\;C:\Users\User\AppData\Local\Programs\Python\Python39\;C:\Users\User\AppData\Local\Microsoft\WindowsApps;C:\Users\User\AppData\Local\Programs\Microsoft VS Code\bin;C:\Program Files (x86)\Nmap;C:\Users\User\AppData\Roaming\Composer\vendor\bin;C:\Users\User\.dotnet\tools;C:\Users\User\AppData\Roaming\npm

Yarn version: 
  1.22.10

Node version: 
  14.18.1

Platform: 
  win32 x64

Trace: 
  Error: EPERM: operation not permitted, unlink 'C:\Users\User\Desktop\happyprint\node_modules\@next\swc-win32-x64-msvc\next-swc.win32-x64-msvc.node'

npm manifest: 
  {
    "name": "pixen-react",
    "version": "0.1.0",
    "private": true,
    "scripts": {
      "dev": "next dev -p 3004",
      "build": "next build",
      "start": "next start",
      "lint": "next lint",
      "export": "next export",
      "sass": "node-sass --watch public/scss/main.scss public/css/style.css --source-map public/css/style.css.map"
    },
    "dependencies": {
      "bootstrap": "^5.1.3",
      "emailjs-com": "^3.2.0",
      "google-map-react": "^2.1.10",
      "metismenujs": "^1.3.1",
      "next": "^12.1.6",
      "node-sass": "^7.0.1",
      "react": "^17.0.2",
      "react-countup": "^6.0.0",
      "react-dom": "^17.0.2",
      "react-messenger-customer-chat": "^0.8.0",
      "react-visibility-sensor": "^5.1.1",
      "swc-loader": "^0.2.0",
      "swiper": "^7.1.0"
    },
    "devDependencies": {
      "eslint": "8.1.0",
      "eslint-config-next": "11.1.2"
    }
  }

yarn manifest: 
  No manifest

Lockfile: 
  No lockfile
